invalid option '-p' -- ignored
pan:1: assertion violated 0 (at depth 44)
pan: wrote elevator_constrained_fire_4_witness.pml.trail

(Spin Version 6.5.2 -- 6 December 2019)
Warning: Search not completed
	+ Partial Order Reduction

Full statespace search for:
	never claim         	- (none specified)
	assertion violations	+
	acceptance   cycles 	- (not selected)
	invalid end states	+

State-vector 60 byte, depth reached 44, errors: 1
       27 states, stored
        4 states, matched
       31 transitions (= stored+matched)
       18 atomic steps
hash conflicts:         0 (resolved)

Stats on memory usage (in Megabytes):
    0.002	equivalent memory usage for states (stored*(State-vector + overhead))
    0.279	actual memory usage for states
  128.000	memory used for hash table (-w24)
    0.534	memory used for DFS stack (-m10000)
  128.730	total actual memory usage



pan: elapsed time 0 seconds
