pan:1: assertion violated 0 (at depth 51)
pan: wrote elevator_constrained_vip_4_witness.pml.trail

(Spin Version 6.5.2 -- 6 December 2019)
Warning: Search not completed
	+ Partial Order Reduction

Full statespace search for:
	never claim         	- (none specified)
	assertion violations	+
	acceptance   cycles 	- (not selected)
	invalid end states	+

State-vector 60 byte, depth reached 51, errors: 1
       36 states, stored
        7 states, matched
       43 transitions (= stored+matched)
       20 atomic steps
hash conflicts:         0 (resolved)

Stats on memory usage (in Megabytes):
    0.003	equivalent memory usage for states (stored*(State-vector + overhead))
    0.279	actual memory usage for states
  128.000	memory used for hash table (-w24)
    5.341	memory used for DFS stack (-m100000)
  133.536	total actual memory usage



pan: elapsed time 0 seconds
