Depth=    3174 States=    1e+06 Transitions= 7.09e+07 Memory=  2859.519	t=     16.7 R=   6e+04
Depth=    3174 States=    2e+06 Transitions= 1.55e+08 Memory=  2920.554	t=     36.6 R=   5e+04
Depth=    3174 States=    3e+06 Transitions= 3.01e+08 Memory=  2981.589	t=     71.6 R=   4e+04
Depth=    3205 States=    4e+06 Transitions= 4.21e+08 Memory=  3042.624	t=      101 R=   4e+04
Depth=    3205 States=    5e+06 Transitions= 5.71e+08 Memory=  3103.659	t=      139 R=   4e+04
Depth=    3205 States=    6e+06 Transitions= 7.92e+08 Memory=  3164.694	t=      196 R=   3e+04
Depth=    3205 States=    7e+06 Transitions= 1.02e+09 Memory=  3225.730	t=      254 R=   3e+04
Depth=    3205 States=    8e+06 Transitions= 1.19e+09 Memory=  3286.765	t=      298 R=   3e+04
Depth=    3237 States=    9e+06 Transitions= 1.38e+09 Memory=  3347.800	t=      348 R=   3e+04
Depth=    3237 States=    1e+07 Transitions= 1.64e+09 Memory=  3408.835	t=      415 R=   2e+04
Depth=    3237 States=  1.1e+07 Transitions= 1.84e+09 Memory=  3469.870	t=      466 R=   2e+04
Depth=    3237 States=  1.2e+07 Transitions= 2.14e+09 Memory=  3530.905	t=      545 R=   2e+04
Depth=    3237 States=  1.3e+07 Transitions= 2.46e+09 Memory=  3591.941	t=      627 R=   2e+04
Depth=    3237 States=  1.4e+07 Transitions= 2.81e+09 Memory=  3652.976	t=      716 R=   2e+04
Depth=    3237 States=  1.5e+07 Transitions= 2.95e+09 Memory=  3714.011	t=      756 R=   2e+04
Depth=    3237 States=  1.6e+07 Transitions= 3.23e+09 Memory=  3775.046	t=      832 R=   2e+04
Depth=    3269 States=  1.7e+07 Transitions= 3.45e+09 Memory=  3836.081	t=      894 R=   2e+04
Depth=    3269 States=  1.8e+07 Transitions= 3.88e+09 Memory=  3897.116	t= 1.01e+03 R=   2e+04
Depth=    3269 States=  1.9e+07 Transitions= 4.05e+09 Memory=  3958.152	t= 1.06e+03 R=   2e+04
Depth=    3269 States=    2e+07 Transitions= 4.34e+09 Memory=  4019.187	t= 1.14e+03 R=   2e+04
Depth=    3269 States=  2.1e+07 Transitions= 4.76e+09 Memory=  4080.222	t= 1.25e+03 R=   2e+04
Depth=    3269 States=  2.2e+07 Transitions= 5.16e+09 Memory=  4141.257	t= 1.36e+03 R=   2e+04
Depth=    3269 States=  2.3e+07 Transitions=  5.6e+09 Memory=  4202.292	t= 1.48e+03 R=   2e+04
Depth=    3269 States=  2.4e+07 Transitions= 5.86e+09 Memory=  4263.327	t= 1.55e+03 R=   2e+04
Depth=    3269 States=  2.5e+07 Transitions= 6.09e+09 Memory=  4324.362	t= 1.63e+03 R=   2e+04
Depth=    3269 States=  2.6e+07 Transitions= 6.42e+09 Memory=  4385.398	t= 1.72e+03 R=   2e+04
Depth=    3269 States=  2.7e+07 Transitions= 6.79e+09 Memory=  4446.433	t= 1.83e+03 R=   1e+04
Depth=    3269 States=  2.8e+07 Transitions= 7.15e+09 Memory=  4507.468	t= 1.94e+03 R=   1e+04
Depth=    3269 States=  2.9e+07 Transitions= 7.63e+09 Memory=  4568.503	t= 2.11e+03 R=   1e+04
Depth=    3269 States=    3e+07 Transitions= 7.77e+09 Memory=  4629.538	t= 2.15e+03 R=   1e+04
Depth=    3269 States=  3.1e+07 Transitions= 8.15e+09 Memory=  4690.573	t= 2.26e+03 R=   1e+04
Depth=    3269 States=  3.2e+07 Transitions= 8.67e+09 Memory=  4751.609	t= 2.42e+03 R=   1e+04
Depth=    3269 States=  3.3e+07 Transitions= 9.18e+09 Memory=  4812.644	t= 2.56e+03 R=   1e+04
Depth=    3269 States=  3.4e+07 Transitions= 9.71e+09 Memory=  4873.679	t= 2.71e+03 R=   1e+04
pan: resizing hashtable to -w26..  done
Depth=    3269 States=  3.5e+07 Transitions= 1.01e+10 Memory=  5430.796	t= 2.81e+03 R=   1e+04
Depth=    3269 States=  3.6e+07 Transitions= 1.03e+10 Memory=  5491.831	t= 2.86e+03 R=   1e+04
Depth=    3269 States=  3.7e+07 Transitions= 1.06e+10 Memory=  5552.866	t= 2.95e+03 R=   1e+04
Depth=    3269 States=  3.8e+07 Transitions=  1.1e+10 Memory=  5613.902	t= 3.05e+03 R=   1e+04
Depth=    3269 States=  3.9e+07 Transitions= 1.14e+10 Memory=  5674.937	t= 3.17e+03 R=   1e+04
Depth=    3269 States=    4e+07 Transitions= 1.17e+10 Memory=  5735.972	t= 3.25e+03 R=   1e+04
Depth=    3269 States=  4.1e+07 Transitions= 1.23e+10 Memory=  5797.007	t=  3.4e+03 R=   1e+04
Depth=    3269 States=  4.2e+07 Transitions= 1.25e+10 Memory=  5858.042	t= 3.46e+03 R=   1e+04
Depth=    3269 States=  4.3e+07 Transitions= 1.28e+10 Memory=  5919.077	t= 3.54e+03 R=   1e+04
