
(Spin Version 6.5.2 -- 6 December 2019)
	+ Partial Order Reduction

Full statespace search for:
	never claim         	- (none specified)
	assertion violations	+
	acceptance   cycles 	- (not selected)
	invalid end states	+

State-vector 28 byte, depth reached 11, errors: 0
       12 states, stored
        0 states, matched
       12 transitions (= stored+matched)
        0 atomic steps
hash conflicts:         0 (resolved)

Stats on memory usage (in Megabytes):
    0.001	equivalent memory usage for states (stored*(State-vector + overhead))
    0.291	actual memory usage for states
  128.000	memory used for hash table (-w24)
    5.341	memory used for DFS stack (-m100000)
  133.536	total actual memory usage


unreached in proctype SimpleElevator1
	elevator_normal_simple_1.pml:27, state 13, "floor = (floor-1)"
	(1 of 17 states)
unreached in init
	(0 of 2 states)

pan: elapsed time 0 seconds
