warning: no accept labels are defined, so option -a has no effect (ignored)
Depth=    3166 States=    1e+06 Transitions= 4.04e+06 Memory=   298.874	t=     1.14 R=   9e+05
Depth=    3227 States=    2e+06 Transitions=    9e+06 Memory=   359.812	t=     2.92 R=   7e+05
Depth=    3227 States=    3e+06 Transitions= 1.36e+07 Memory=   420.749	t=     4.07 R=   7e+05
Depth=    3227 States=    4e+06 Transitions= 1.88e+07 Memory=   481.687	t=     5.38 R=   7e+05
Depth=    3227 States=    5e+06 Transitions=  2.4e+07 Memory=   542.624	t=     6.89 R=   7e+05
Depth=    3227 States=    6e+06 Transitions= 2.91e+07 Memory=   603.562	t=     8.23 R=   7e+05
Depth=    3227 States=    7e+06 Transitions=  3.4e+07 Memory=   664.499	t=     9.45 R=   7e+05
Depth=    3227 States=    8e+06 Transitions=    4e+07 Memory=   725.437	t=       11 R=   7e+05
Depth=    3227 States=    9e+06 Transitions= 4.66e+07 Memory=   786.374	t=     12.9 R=   7e+05
Depth=    3288 States=    1e+07 Transitions= 5.14e+07 Memory=   847.312	t=     14.3 R=   7e+05
Depth=    3288 States=  1.1e+07 Transitions= 5.63e+07 Memory=   908.249	t=     15.8 R=   7e+05
Depth=    3288 States=  1.2e+07 Transitions= 6.09e+07 Memory=   969.187	t=     17.2 R=   7e+05
Depth=    3288 States=  1.3e+07 Transitions= 6.56e+07 Memory=  1030.124	t=     18.5 R=   7e+05
Depth=    3288 States=  1.4e+07 Transitions= 7.04e+07 Memory=  1091.062	t=     19.9 R=   7e+05
Depth=    3288 States=  1.5e+07 Transitions= 7.55e+07 Memory=  1151.999	t=     21.3 R=   7e+05
Depth=    3288 States=  1.6e+07 Transitions= 8.06e+07 Memory=  1214.499	t=     22.7 R=   7e+05
Depth=    3288 States=  1.7e+07 Transitions= 8.66e+07 Memory=  1275.437	t=     24.5 R=   7e+05
Depth=    3288 States=  1.8e+07 Transitions= 9.28e+07 Memory=  1336.374	t=     26.4 R=   7e+05
Depth=    3288 States=  1.9e+07 Transitions= 9.89e+07 Memory=  1397.312	t=     28.5 R=   7e+05
Depth=    3288 States=    2e+07 Transitions= 1.04e+08 Memory=  1458.249	t=     30.3 R=   7e+05
Depth=    3288 States=  2.1e+07 Transitions=  1.1e+08 Memory=  1519.187	t=       32 R=   7e+05
Depth=    3288 States=  2.2e+07 Transitions= 1.16e+08 Memory=  1580.124	t=     33.8 R=   7e+05
Depth=    3288 States=  2.3e+07 Transitions= 1.21e+08 Memory=  1641.062	t=     35.8 R=   6e+05
Depth=    3288 States=  2.4e+07 Transitions= 1.27e+08 Memory=  1701.999	t=     38.1 R=   6e+05
Depth=    3288 States=  2.5e+07 Transitions= 1.33e+08 Memory=  1762.937	t=     40.1 R=   6e+05
Depth=    3288 States=  2.6e+07 Transitions= 1.38e+08 Memory=  1823.874	t=       42 R=   6e+05
Depth=    3288 States=  2.7e+07 Transitions= 1.44e+08 Memory=  1884.812	t=     43.9 R=   6e+05
Depth=    3288 States=  2.8e+07 Transitions=  1.5e+08 Memory=  1945.749	t=     46.1 R=   6e+05
Depth=    3288 States=  2.9e+07 Transitions= 1.55e+08 Memory=  2006.687	t=     48.2 R=   6e+05
Depth=    3288 States=    3e+07 Transitions= 1.61e+08 Memory=  2067.624	t=     50.3 R=   6e+05
Depth=    3288 States=  3.1e+07 Transitions= 1.66e+08 Memory=  2128.562	t=     52.5 R=   6e+05
Depth=    3288 States=  3.2e+07 Transitions= 1.72e+08 Memory=  2191.062	t=       55 R=   6e+05
Depth=    3288 States=  3.3e+07 Transitions= 1.77e+08 Memory=  2251.999	t=       57 R=   6e+05
Depth=    3288 States=  3.4e+07 Transitions= 1.83e+08 Memory=  2312.937	t=     59.1 R=   6e+05
pan: resizing hashtable to -w26..  done
Depth=    3288 States=  3.5e+07 Transitions= 1.88e+08 Memory=  2870.249	t=     64.5 R=   5e+05
Depth=    3288 States=  3.6e+07 Transitions= 1.94e+08 Memory=  2931.187	t=     66.2 R=   5e+05
Depth=    3288 States=  3.7e+07 Transitions= 1.99e+08 Memory=  2992.124	t=       68 R=   5e+05
Depth=    3288 States=  3.8e+07 Transitions= 2.05e+08 Memory=  3054.624	t=       70 R=   5e+05
Depth=    3288 States=  3.9e+07 Transitions= 2.11e+08 Memory=  3115.562	t=     72.3 R=   5e+05
Depth=    3288 States=    4e+07 Transitions= 2.18e+08 Memory=  3176.499	t=     74.5 R=   5e+05
Depth=    3288 States=  4.1e+07 Transitions= 2.24e+08 Memory=  3237.437	t=     76.3 R=   5e+05
Depth=    3288 States=  4.2e+07 Transitions= 2.31e+08 Memory=  3298.374	t=     78.6 R=   5e+05
Depth=    3288 States=  4.3e+07 Transitions= 2.38e+08 Memory=  3359.312	t=     80.7 R=   5e+05
Depth=    3288 States=  4.4e+07 Transitions= 2.45e+08 Memory=  3420.249	t=     83.1 R=   5e+05
Depth=    3288 States=  4.5e+07 Transitions= 2.52e+08 Memory=  3481.187	t=     85.2 R=   5e+05
Depth=    3288 States=  4.6e+07 Transitions= 2.58e+08 Memory=  3542.124	t=     87.4 R=   5e+05
Depth=    3288 States=  4.7e+07 Transitions= 2.65e+08 Memory=  3603.062	t=     89.3 R=   5e+05
Depth=    3349 States=  4.8e+07 Transitions=  2.7e+08 Memory=  3663.999	t=       91 R=   5e+05
Depth=    3349 States=  4.9e+07 Transitions= 2.75e+08 Memory=  3724.937	t=     92.5 R=   5e+05
Depth=    3349 States=    5e+07 Transitions= 2.79e+08 Memory=  3785.874	t=     94.1 R=   5e+05
Depth=    3349 States=  5.1e+07 Transitions= 2.84e+08 Memory=  3846.812	t=     95.8 R=   5e+05
Depth=    3349 States=  5.2e+07 Transitions= 2.89e+08 Memory=  3907.749	t=     97.4 R=   5e+05
Depth=    3349 States=  5.3e+07 Transitions= 2.94e+08 Memory=  3968.687	t=     99.2 R=   5e+05
Depth=    3349 States=  5.4e+07 Transitions=    3e+08 Memory=  4031.187	t=      101 R=   5e+05
Depth=    3349 States=  5.5e+07 Transitions= 3.05e+08 Memory=  4092.124	t=      103 R=   5e+05
Depth=    3349 States=  5.6e+07 Transitions=  3.1e+08 Memory=  4153.062	t=      105 R=   5e+05
Depth=    3349 States=  5.7e+07 Transitions= 3.16e+08 Memory=  4213.999	t=      107 R=   5e+05
Depth=    3349 States=  5.8e+07 Transitions= 3.21e+08 Memory=  4274.937	t=      108 R=   5e+05
Depth=    3349 States=  5.9e+07 Transitions= 3.26e+08 Memory=  4335.874	t=      110 R=   5e+05
Depth=    3349 States=    6e+07 Transitions= 3.31e+08 Memory=  4396.812	t=      112 R=   5e+05
Depth=    3349 States=  6.1e+07 Transitions= 3.36e+08 Memory=  4457.749	t=      114 R=   5e+05
Depth=    3349 States=  6.2e+07 Transitions= 3.42e+08 Memory=  4518.687	t=      115 R=   5e+05
Depth=    3349 States=  6.3e+07 Transitions= 3.47e+08 Memory=  4579.624	t=      117 R=   5e+05
Depth=    3349 States=  6.4e+07 Transitions= 3.52e+08 Memory=  4640.562	t=      119 R=   5e+05
Depth=    3349 States=  6.5e+07 Transitions= 3.57e+08 Memory=  4701.499	t=      121 R=   5e+05
Depth=    3349 States=  6.6e+07 Transitions= 3.63e+08 Memory=  4762.437	t=      123 R=   5e+05
Depth=    3349 States=  6.7e+07 Transitions= 3.68e+08 Memory=  4823.374	t=      125 R=   5e+05
Depth=    3349 States=  6.8e+07 Transitions= 3.73e+08 Memory=  4884.312	t=      126 R=   5e+05
Depth=    3349 States=  6.9e+07 Transitions= 3.78e+08 Memory=  4945.249	t=      128 R=   5e+05
Depth=    3349 States=    7e+07 Transitions= 3.84e+08 Memory=  5007.749	t=      130 R=   5e+05
Depth=    3349 States=  7.1e+07 Transitions= 3.89e+08 Memory=  5068.687	t=      132 R=   5e+05
Depth=    3349 States=  7.2e+07 Transitions= 3.94e+08 Memory=  5129.624	t=      133 R=   5e+05
Depth=    3349 States=  7.3e+07 Transitions=    4e+08 Memory=  5190.562	t=      135 R=   5e+05
Depth=    3349 States=  7.4e+07 Transitions= 4.05e+08 Memory=  5251.499	t=      136 R=   5e+05
Depth=    3349 States=  7.5e+07 Transitions=  4.1e+08 Memory=  5312.437	t=      138 R=   5e+05
Depth=    3349 States=  7.6e+07 Transitions= 4.16e+08 Memory=  5373.374	t=      139 R=   5e+05
Depth=    3349 States=  7.7e+07 Transitions= 4.21e+08 Memory=  5434.312	t=      142 R=   5e+05
Depth=    3349 States=  7.8e+07 Transitions= 4.27e+08 Memory=  5495.249	t=      143 R=   5e+05
Depth=    3349 States=  7.9e+07 Transitions= 4.32e+08 Memory=  5556.187	t=      145 R=   5e+05
Depth=    3349 States=    8e+07 Transitions= 4.38e+08 Memory=  5617.124	t=      147 R=   5e+05
Depth=    3349 States=  8.1e+07 Transitions= 4.43e+08 Memory=  5678.062	t=      149 R=   5e+05
Depth=    3349 States=  8.2e+07 Transitions= 4.49e+08 Memory=  5738.999	t=      150 R=   5e+05
Depth=    3349 States=  8.3e+07 Transitions= 4.54e+08 Memory=  5799.937	t=      152 R=   5e+05
Depth=    3349 States=  8.4e+07 Transitions= 4.59e+08 Memory=  5860.874	t=      154 R=   5e+05
Depth=    3349 States=  8.5e+07 Transitions= 4.66e+08 Memory=  5921.812	t=      156 R=   5e+05
Depth=    3349 States=  8.6e+07 Transitions= 4.73e+08 Memory=  5984.312	t=      159 R=   5e+05
Depth=    3349 States=  8.7e+07 Transitions= 4.79e+08 Memory=  6045.249	t=      161 R=   5e+05
Depth=    3349 States=  8.8e+07 Transitions= 4.86e+08 Memory=  6106.187	t=      163 R=   5e+05
Depth=    3349 States=  8.9e+07 Transitions= 4.92e+08 Memory=  6167.124	t=      165 R=   5e+05
Depth=    3349 States=    9e+07 Transitions= 4.98e+08 Memory=  6228.062	t=      167 R=   5e+05
Depth=    3349 States=  9.1e+07 Transitions= 5.05e+08 Memory=  6288.999	t=      169 R=   5e+05
Depth=    3349 States=  9.2e+07 Transitions= 5.12e+08 Memory=  6349.937	t=      172 R=   5e+05
Depth=    3349 States=  9.3e+07 Transitions=  5.2e+08 Memory=  6410.874	t=      175 R=   5e+05
Depth=    3349 States=  9.4e+07 Transitions= 5.27e+08 Memory=  6471.812	t=      177 R=   5e+05
Depth=    3349 States=  9.5e+07 Transitions= 5.32e+08 Memory=  6532.749	t=      179 R=   5e+05
Depth=    3349 States=  9.6e+07 Transitions= 5.38e+08 Memory=  6593.687	t=      181 R=   5e+05
Depth=    3349 States=  9.7e+07 Transitions= 5.44e+08 Memory=  6654.624	t=      183 R=   5e+05
Depth=    3349 States=  9.8e+07 Transitions= 5.49e+08 Memory=  6715.562	t=      185 R=   5e+05
Depth=    3349 States=  9.9e+07 Transitions= 5.55e+08 Memory=  6776.499	t=      187 R=   5e+05
Depth=    3349 States=    1e+08 Transitions= 5.61e+08 Memory=  6837.437	t=      189 R=   5e+05
Depth=    3349 States= 1.01e+08 Transitions= 5.67e+08 Memory=  6898.374	t=      191 R=   5e+05
Depth=    3349 States= 1.02e+08 Transitions= 5.73e+08 Memory=  6960.874	t=      194 R=   5e+05
Depth=    3349 States= 1.03e+08 Transitions= 5.79e+08 Memory=  7021.812	t=      196 R=   5e+05
Depth=    3349 States= 1.04e+08 Transitions= 5.85e+08 Memory=  7082.749	t=      198 R=   5e+05
Depth=    3349 States= 1.05e+08 Transitions= 5.91e+08 Memory=  7143.687	t=      200 R=   5e+05
Depth=    3349 States= 1.06e+08 Transitions= 5.97e+08 Memory=  7204.624	t=      202 R=   5e+05
Depth=    3349 States= 1.07e+08 Transitions= 6.04e+08 Memory=  7265.562	t=      204 R=   5e+05
Depth=    3349 States= 1.08e+08 Transitions=  6.1e+08 Memory=  7326.499	t=      206 R=   5e+05
Depth=    3349 States= 1.09e+08 Transitions= 6.16e+08 Memory=  7387.437	t=      208 R=   5e+05
Depth=    3349 States=  1.1e+08 Transitions= 6.23e+08 Memory=  7448.374	t=      210 R=   5e+05
Depth=    3349 States= 1.11e+08 Transitions=  6.3e+08 Memory=  7509.312	t=      212 R=   5e+05
Depth=    3349 States= 1.12e+08 Transitions= 6.36e+08 Memory=  7570.249	t=      215 R=   5e+05
Depth=    3349 States= 1.13e+08 Transitions= 6.42e+08 Memory=  7631.187	t=      217 R=   5e+05
Depth=    3349 States= 1.14e+08 Transitions= 6.49e+08 Memory=  7692.124	t=      219 R=   5e+05
Depth=    3349 States= 1.15e+08 Transitions= 6.57e+08 Memory=  7753.062	t=      222 R=   5e+05
Depth=    3349 States= 1.16e+08 Transitions= 6.62e+08 Memory=  7813.999	t=      225 R=   5e+05
Depth=    3349 States= 1.17e+08 Transitions= 6.68e+08 Memory=  7874.937	t=      227 R=   5e+05
Depth=    3349 States= 1.18e+08 Transitions= 6.74e+08 Memory=  7937.437	t=      229 R=   5e+05
Depth=    3349 States= 1.19e+08 Transitions=  6.8e+08 Memory=  7998.374	t=      232 R=   5e+05
Depth=    3349 States=  1.2e+08 Transitions= 6.86e+08 Memory=  8059.312	t=      234 R=   5e+05
Depth=    3349 States= 1.21e+08 Transitions= 6.91e+08 Memory=  8120.249	t=      237 R=   5e+05
Depth=    3349 States= 1.22e+08 Transitions= 6.97e+08 Memory=  8181.187	t=      239 R=   5e+05
pan: reached -DMEMLIM bound
	8.58843e+09 bytes used
	1.6384e+06 bytes more needed
	8.58993e+09 bytes limit
hint: to reduce memory, recompile with
  -DCOLLAPSE # good, fast compression, or
  -DMA=68   # better/slower compression, or
  -DHC # hash-compaction, approximation
  -DBITSTATE # supertrace, approximation

(Spin Version 6.5.2 -- 6 December 2019)
Warning: Search not completed
	+ Partial Order Reduction

Full statespace search for:
	never claim         	- (none specified)
	assertion violations	+
	acceptance   cycles 	- (not selected)
	invalid end states	+

State-vector 68 byte, depth reached 3349, errors: 0
1.2217254e+08 states, stored
5.7608192e+08 states, matched
6.9825446e+08 transitions (= stored+matched)
1.796118e+09 atomic steps
hash conflicts: 3.1963788e+08 (resolved)

Stats on memory usage (in Megabytes):
11185.230	equivalent memory usage for states (stored*(State-vector + overhead))
 7574.649	actual memory usage for states (compression: 67.72%)
         	state-vector as stored = 37 byte + 28 byte overhead
  512.000	memory used for hash table (-w26)
  106.812	memory used for DFS stack (-m2000000)
    2.899	memory lost to fragmentation
 8190.562	total actual memory usage



pan: elapsed time 240 seconds
pan: rate 509902.08 states/second
